<?xml version="1.0" encoding="UTF-8"?>
<testsuite xmlns:xsi="http://www.w3.org/2001/XMLSchema-instance" xsi:noNamespaceSchemaLocation="https://maven.apache.org/surefire/maven-surefire-plugin/xsd/surefire-test-report.xsd" name="TestSuite" time="15.045" tests="9" errors="0" skipped="0" failures="3">
  <properties>
[...]
</properties>
  <testcase name="decodePixKey" classname="pix.PixPaymentsRunnerTest" time="1.561"/>
  <testcase name="decodePixQrCodeDynamic" classname="pix.PixPaymentsRunnerTest" time="0.725">
    <failure message="1 expectation failed.&#10;Expected status code &lt;200&gt; but was &lt;422&gt;.&#10;" type="java.lang.AssertionError"><![CDATA[java.lang.AssertionError: 
1 expectation failed.
Expected status code <200> but was <422>.

	at pix.PixPaymentsRunnerTest.decodePixQrCodeDynamic(PixPaymentsRunnerTest.java:47)
]]></failure>
    <system-out><![CDATA[Request method:	GET
Request URI:	https://api-users.zrobank.xyz/pix/payments/decode?emv=00020126940014br.gov.bcb.pix2572qr-h.sandbox.pix.bcb.gov.br%2Frest%2Fapi%2Fv2%2F384a6c2756b44704a6e29f8046774ab25204000053039865802BR5903Pix6008BRASILIA62070503***63048EF8
Proxy:			<none>
Request params:	emv=00020126940014br.gov.bcb.pix2572qr-h.sandbox.pix.bcb.gov.br/rest/api/v2/384a6c2756b44704a6e29f8046774ab25204000053039865802BR5903Pix6008BRASILIA62070503***63048EF8
Query params:	<none>
Form params:	<none>
Path params:	<none>
Headers:		Authorization=Bearer eyJhbGciOiJIUzI1NiIsInR5cCI6IkpXVCJ9.eyJwaG9uZV9udW1iZXIiOiI1NTExOTAxMDEwMTAxIiwiaWF0IjoxNzAyNDkzNTAwLCJ2ZXJzaW9uIjoiMiIsImlkIjoiODM2YjJhZmUtNjU5OS00NzI3LWI4YzMtYzgyYTVjNjllN2RhIiwicmVmcmVzaF90b2tlbiI6eyJ1dWlkIjoiNzFkNjM0ZGYtZDc5NS00NDMyLTlmMDktM2I5ODc0NjU4NTIxIiwiZWF0IjoiMjAyNC0wMS0xMlQxODo1MTo0MC42ODhaIn0sImRpc2FibGVkX3NlcnZpY2VzIjpudWxsLCJleHAiOjE3MDI4MDg4NjB9.KShZwCVjNin_3oBmIoRLDSd3tbecvqV5-R48FFK3Yxs
				x-transaction-uuid=77bd630d-a47a-4711-a512-8f9e85c0afad
				nonce=421b44c1-9812-4fa4-842e-6b7b18173629
				Accept=*/*
				Content-Type=application/json
Cookies:		<none>
Multiparts:		<none>
Body:			<none>
HTTP/1.1 422 Unprocessable Entity
Date: Wed, 13 Dec 2023 18:51:43 GMT
Content-Type: application/json; charset=utf-8
Content-Length: 128
Connection: keep-alive
content-security-policy: default-src 'self';base-uri 'self';font-src 'self' https: data:;form-action 'self';frame-ancestors 'self';img-src 'self' data:;object-src 'none';script-src 'self';script-src-attr 'none';style-src 'self' https: 'unsafe-inline';upgrade-insecure-requests
cross-origin-opener-policy: same-origin
cross-origin-resource-policy: same-origin
origin-agent-cluster: ?1
referrer-policy: no-referrer
strict-transport-security: max-age=15552000; includeSubDomains
x-content-type-options: nosniff
x-dns-prefetch-control: off
x-download-options: noopen
x-frame-options: SAMEORIGIN
x-permitted-cross-domain-policies: none
x-xss-protection: 0
x-ratelimit-limit: 5000
x-ratelimit-remaining: 4999
x-ratelimit-reset: 1
etag: W/"80-MLm0JrCENA0wUwLTnVyVNA57WmM"
CF-Cache-Status: DYNAMIC
Report-To: {"endpoints":[{"url":"https:\/\/a.nel.cloudflare.com\/report\/v3?s=RKPj2m5EVY4rF7dQCcn773r553rX7F60aKbxXDET%2FWpje9YLKprZdjQZwTyTk%2BKTKlap1JuKEayKp3oMyMLKw8oyjlUqM3TwXNaBC6aMCMEQVAvE6NvFEG466LCEroTmN3sQJ2cLWV0%3D"}],"group":"cf-nel","max_age":604800}
NEL: {"success_fraction":0,"report_to":"cf-nel","max_age":604800}
Server: cloudflare
CF-RAY: 8350666c6da7a4a2-GRU
alt-svc: h3=":443"; ma=86400

{
    "success": false,
    "data": null,
    "error": "USER",
    "message": "Banco não disponível. Por favor verifique os dados e tente novamente."
}
]]></system-out>
  </testcase>
  <testcase name="decodePixQrCodeDynamicDueDate" classname="pix.PixPaymentsRunnerTest" time="1.183">
    <failure message="1 expectation failed.&#10;Expected status code &lt;200&gt; but was &lt;422&gt;.&#10;" type="java.lang.AssertionError"><![CDATA[java.lang.AssertionError: 
1 expectation failed.
Expected status code <200> but was <422>.

	at pix.PixPaymentsRunnerTest.decodePixQrCodeDynamicDueDate(PixPaymentsRunnerTest.java:58)
]]></failure>
    <system-out><![CDATA[Request method:	GET
Request URI:	https://api-users.zrobank.xyz/pix/payments/decode?emv=00020126940014br.gov.bcb.pix2572qr-h.sandbox.pix.bcb.gov.br%2Frest%2Fapi%2Fv2%2F384a6c2756b44704a6e29f8046774ab25204000053039865802BR5903Pix6008BRASILIA62070503***63048EF8
Proxy:			<none>
Request params:	emv=00020126940014br.gov.bcb.pix2572qr-h.sandbox.pix.bcb.gov.br/rest/api/v2/384a6c2756b44704a6e29f8046774ab25204000053039865802BR5903Pix6008BRASILIA62070503***63048EF8
Query params:	<none>
Form params:	<none>
Path params:	<none>
Headers:		Authorization=Bearer eyJhbGciOiJIUzI1NiIsInR5cCI6IkpXVCJ9.eyJwaG9uZV9udW1iZXIiOiI1NTExOTAxMDEwMTAxIiwiaWF0IjoxNzAyNDkzNTAwLCJ2ZXJzaW9uIjoiMiIsImlkIjoiODM2YjJhZmUtNjU5OS00NzI3LWI4YzMtYzgyYTVjNjllN2RhIiwicmVmcmVzaF90b2tlbiI6eyJ1dWlkIjoiNzFkNjM0ZGYtZDc5NS00NDMyLTlmMDktM2I5ODc0NjU4NTIxIiwiZWF0IjoiMjAyNC0wMS0xMlQxODo1MTo0MC42ODhaIn0sImRpc2FibGVkX3NlcnZpY2VzIjpudWxsLCJleHAiOjE3MDI4MDg4NjB9.KShZwCVjNin_3oBmIoRLDSd3tbecvqV5-R48FFK3Yxs
				x-transaction-uuid=a86a2e33-b6a4-4be6-87c3-7a74de29c456
				nonce=9cb10ede-8f2d-42a5-9236-a005c90c60ec
				Accept=*/*
				Content-Type=application/json
Cookies:		<none>
Multiparts:		<none>
Body:			<none>
HTTP/1.1 422 Unprocessable Entity
Date: Wed, 13 Dec 2023 18:51:45 GMT
Content-Type: application/json; charset=utf-8
Content-Length: 128
Connection: keep-alive
content-security-policy: default-src 'self';base-uri 'self';font-src 'self' https: data:;form-action 'self';frame-ancestors 'self';img-src 'self' data:;object-src 'none';script-src 'self';script-src-attr 'none';style-src 'self' https: 'unsafe-inline';upgrade-insecure-requests
cross-origin-opener-policy: same-origin
cross-origin-resource-policy: same-origin
origin-agent-cluster: ?1
referrer-policy: no-referrer
strict-transport-security: max-age=15552000; includeSubDomains
x-content-type-options: nosniff
x-dns-prefetch-control: off
x-download-options: noopen
x-frame-options: SAMEORIGIN
x-permitted-cross-domain-policies: none
x-xss-protection: 0
x-ratelimit-limit: 5000
x-ratelimit-remaining: 4999
x-ratelimit-reset: 1
etag: W/"80-MLm0JrCENA0wUwLTnVyVNA57WmM"
CF-Cache-Status: DYNAMIC
Report-To: {"endpoints":[{"url":"https:\/\/a.nel.cloudflare.com\/report\/v3?s=4eeFL8JZQ5YXRmR45Sbi30v7KabvYEbDWBG6Ad%2F2Z1liYW%2F%2FSMrGdhtkC45wzWZhSL26YNkb%2Bnf2SDI5570IcpoF%2BfkbciTVXP9VbZ8Tqn9bmUjqqfl5Yk%2FE8LXrO%2BZ6pYkIwPQfIV8%3D"}],"group":"cf-nel","max_age":604800}
NEL: {"success_fraction":0,"report_to":"cf-nel","max_age":604800}
Server: cloudflare
CF-RAY: 83506672bf140359-MIA
alt-svc: h3=":443"; ma=86400

{
    "success": false,
    "data": null,
    "error": "USER",
    "message": "Banco não disponível. Por favor verifique os dados e tente novamente."
}
]]></system-out>
  </testcase>
  <testcase name="decodePixQrCodeStatic" classname="pix.PixPaymentsRunnerTest" time="1.167">
    <failure message="1 expectation failed.&#10;Expected status code &lt;200&gt; but was &lt;422&gt;.&#10;" type="java.lang.AssertionError"><![CDATA[java.lang.AssertionError: 
1 expectation failed.
Expected status code <200> but was <422>.

	at pix.PixPaymentsRunnerTest.decodePixQrCodeStatic(PixPaymentsRunnerTest.java:36)
]]></failure>
    <system-out><![CDATA[Request method:	GET
Request URI:	https://api-users.zrobank.xyz/pix/payments/decode?emv=00020126820014br.gov.bcb.pix01364004901d-bd85-4769-8e52-cb4c42c506dc0220Jornada%20pagador%2093835204000053039865406829.825802BR5903Pix6008BRASILIA62290525e33339b8d74d4b319938b68276304F307
Proxy:			<none>
Request params:	emv=00020126820014br.gov.bcb.pix01364004901d-bd85-4769-8e52-cb4c42c506dc0220Jornada pagador 93835204000053039865406829.825802BR5903Pix6008BRASILIA62290525e33339b8d74d4b319938b68276304F307
Query params:	<none>
Form params:	<none>
Path params:	<none>
Headers:		Authorization=Bearer eyJhbGciOiJIUzI1NiIsInR5cCI6IkpXVCJ9.eyJwaG9uZV9udW1iZXIiOiI1NTExOTAxMDEwMTAxIiwiaWF0IjoxNzAyNDkzNTAwLCJ2ZXJzaW9uIjoiMiIsImlkIjoiODM2YjJhZmUtNjU5OS00NzI3LWI4YzMtYzgyYTVjNjllN2RhIiwicmVmcmVzaF90b2tlbiI6eyJ1dWlkIjoiNzFkNjM0ZGYtZDc5NS00NDMyLTlmMDktM2I5ODc0NjU4NTIxIiwiZWF0IjoiMjAyNC0wMS0xMlQxODo1MTo0MC42ODhaIn0sImRpc2FibGVkX3NlcnZpY2VzIjpudWxsLCJleHAiOjE3MDI4MDg4NjB9.KShZwCVjNin_3oBmIoRLDSd3tbecvqV5-R48FFK3Yxs
				x-transaction-uuid=7ed1692b-00e8-42cb-a5f5-58dac17e7bac
				nonce=cb44d42c-a5d8-4ee4-87ed-23b038b71b62
				Accept=*/*
				Content-Type=application/json
Cookies:		<none>
Multiparts:		<none>
Body:			<none>
HTTP/1.1 422 Unprocessable Entity
Date: Wed, 13 Dec 2023 18:51:46 GMT
Content-Type: application/json; charset=utf-8
Content-Length: 128
Connection: keep-alive
content-security-policy: default-src 'self';base-uri 'self';font-src 'self' https: data:;form-action 'self';frame-ancestors 'self';img-src 'self' data:;object-src 'none';script-src 'self';script-src-attr 'none';style-src 'self' https: 'unsafe-inline';upgrade-insecure-requests
cross-origin-opener-policy: same-origin
cross-origin-resource-policy: same-origin
origin-agent-cluster: ?1
referrer-policy: no-referrer
strict-transport-security: max-age=15552000; includeSubDomains
x-content-type-options: nosniff
x-dns-prefetch-control: off
x-download-options: noopen
x-frame-options: SAMEORIGIN
x-permitted-cross-domain-policies: none
x-xss-protection: 0
x-ratelimit-limit: 5000
x-ratelimit-remaining: 4999
x-ratelimit-reset: 1
etag: W/"80-MLm0JrCENA0wUwLTnVyVNA57WmM"
CF-Cache-Status: DYNAMIC
Report-To: {"endpoints":[{"url":"https:\/\/a.nel.cloudflare.com\/report\/v3?s=ySClMdntEnsHJ87lpEeO1Q7O2D0EpmULM%2Fr7CFcSSm4xDcLWI8Iz0TFKHcmH2dCnlVjaWhJQsTrWK8f0o5EhYIGhqYo%2BGOncF50prB7tosU53OjEjbq%2FWcABFZG7e7Q0%2F6ylEebQgWo%3D"}],"group":"cf-nel","max_age":604800}
NEL: {"success_fraction":0,"report_to":"cf-nel","max_age":604800}
Server: cloudflare
CF-RAY: 8350667a8d984363-EWR
alt-svc: h3=":443"; ma=86400

{
    "success": false,
    "data": null,
    "error": "USER",
    "message": "Banco não disponível. Por favor verifique os dados e tente novamente."
}
]]></system-out>
  </testcase>
  <testcase name="cadastrarChavesPixEvpTest" classname="pix.PixKeysRunnerTest" time="1.341"/>
  <testcase name="dismissCreateKey" classname="pix.PixKeysRunnerTest" time="0.345"/>
  <testcase name="consultaChavesPix" classname="pix.PixKeysRunnerTest" time="0.341"/>
  <testcase name="deletarChavesPixTest" classname="pix.PixKeysRunnerTest" time="1.275"/>
  <testcase name="dismissDeleteKey" classname="pix.PixKeysRunnerTest" time="1.174"/>
</testsuite>